Build started 5/5/2021 7:28:15 PM.
     1>Project "D:\UET 2020-2021\code\GameSDL2\GameSDL2\GameSDL2.vcxproj" on node 2 (Build target(s)).
     1>ClCompile:
         C:\Program Files (x86)\Microsoft Visual Studio 12.0\VC\bin\CL.exe /c /ZI /nologo /W3 /WX- /sdl /Od /Oy- /D _MBCS /Gm /EHsc /RTC1 /MDd /GS /fp:precise /Zc:wchar_t /Zc:forScope /Fo"Debug\\" /Fd"Debug\vc120.pdb" /Gd /TP /analyze- /errorReport:prompt main.cpp
         main.cpp
     1>d:\uet 2020-2021\code\gamesdl2\gamesdl2\main.cpp(122): warning C4244: '=' : conversion from 'double' to 'int', possible loss of data
     1>d:\uet 2020-2021\code\gamesdl2\gamesdl2\main.cpp(192): warning C4244: 'initializing' : conversion from 'double' to 'int', possible loss of data
     1>d:\uet 2020-2021\code\gamesdl2\gamesdl2\main.cpp(193): warning C4244: 'initializing' : conversion from 'double' to 'int', possible loss of data
     1>d:\uet 2020-2021\code\gamesdl2\gamesdl2\main.cpp(239): warning C4018: '<' : signed/unsigned mismatch
     1>d:\uet 2020-2021\code\gamesdl2\gamesdl2\main.cpp(257): warning C4018: '<' : signed/unsigned mismatch
     1>d:\uet 2020-2021\code\gamesdl2\gamesdl2\main.cpp(267): warning C4244: 'initializing' : conversion from 'double' to 'int', possible loss of data
     1>d:\uet 2020-2021\code\gamesdl2\gamesdl2\main.cpp(268): warning C4244: 'initializing' : conversion from 'double' to 'int', possible loss of data
       Link:
         C:\Program Files (x86)\Microsoft Visual Studio 12.0\VC\bin\link.exe /ERRORREPORT:PROMPT /OUT:"D:\UET 2020-2021\code\GameSDL2\Debug\GameSDL2.exe" /INCREMENTAL /NOLOGO SDL.lib SDLmain.lib SDL_image.lib SDL_mixer.lib SDL_ttf.lib kernel32.lib user32.lib gdi32.lib winspool.lib comdlg32.lib advapi32.lib shell32.lib ole32.lib oleaut32.lib uuid.lib odbc32.lib odbccp32.lib /MANIFEST /MANIFESTUAC:"level='asInvoker' uiAccess='false'" /manifest:embed /DEBUG /PDB:"D:\UET 2020-2021\code\GameSDL2\Debug\GameSDL2.pdb" /SUBSYSTEM:WINDOWS /TLBID:1 /DYNAMICBASE /NXCOMPAT /IMPLIB:"D:\UET 2020-2021\code\GameSDL2\Debug\GameSDL2.lib" /MACHINE:X86 Debug\AmoObject.obj
         Debug\BaseObjec.obj
         Debug\CommonFunction.obj
         Debug\Explosion.obj
         Debug\main.obj
         Debug\MainObject.obj
         Debug\Player.obj
         Debug\Text.obj
         Debug\Threat.obj
         GameSDL2.vcxproj -> D:\UET 2020-2021\code\GameSDL2\Debug\GameSDL2.exe
     1>Done Building Project "D:\UET 2020-2021\code\GameSDL2\GameSDL2\GameSDL2.vcxproj" (Build target(s)).

Build succeeded.

Time Elapsed 00:00:01.84
